<?xml version="1.0" encoding="UTF-8"?>
<!-- Generated by org.testng.reporters.JUnitReportReporter -->
<testsuite hostname="LAPTOP-ETBVIF0G" failures="0" tests="1" name="com.web.doc.testscripts.login" time="230.647" errors="0" timestamp="06 Sep 2023 09:25:02 GMT" skipped="0">
  <testcase classname="com.web.doc.testscripts.login" name="TC_001_doc_web_LoginPage" time="230.647"/>
</testsuite> <!-- com.web.doc.testscripts.login -->
